2024-09-19 09:13:03.148711: Task started
2024-09-19 09:13:03.158080: Status Code: 200
2024-09-19 09:14:02.663311: Task started
2024-09-19 09:14:02.672685: Status Code: 200
2024-09-19 09:15:03.161290: Task started
2024-09-19 09:15:03.170002: Status Code: 200
2024-09-19 09:16:02.927197: Task started
2024-09-19 09:16:02.935631: Status Code: 200
2024-09-19 09:16:20.228231: Task started
2024-09-19 09:16:20.236587: Status Code: 200
2024-09-19 09:17:02.253145: Task started
2024-09-19 09:17:02.261135: Status Code: 200
2024-09-19 09:18:02.665227: Task started
2024-09-19 09:18:02.673802: Status Code: 200
2024-09-19 09:19:03.892658: Task started
2024-09-19 09:19:03.902361: Status Code: 200
2024-09-19 09:20:02.277280: Task started
2024-09-19 09:20:02.286341: Status Code: 200
2024-09-19 09:21:02.700642: Task started
2024-09-19 09:21:02.709093: Status Code: 200
2024-09-19 09:22:03.190929: Task started
2024-09-19 09:22:03.199854: Status Code: 200
2024-09-19 09:23:02.692444: Task started
2024-09-19 09:23:02.700573: Status Code: 200
2024-09-19 09:24:03.080021: Task started
2024-09-19 09:24:03.088643: Status Code: 200
2024-09-19 09:25:02.643439: Task started
2024-09-19 09:25:02.652704: Status Code: 200
2024-09-19 09:26:03.201621: Task started
2024-09-19 09:26:03.218354: Status Code: 200
2024-09-19 09:27:03.258278: Task started
2024-09-19 09:27:03.267395: Status Code: 200
2024-09-19 09:28:02.765045: Task started
2024-09-19 09:28:02.775619: Status Code: 200
2024-09-19 09:29:03.470076: Task started
2024-09-19 09:29:03.483105: Status Code: 200
2024-09-19 09:30:03.173916: Task started
2024-09-19 09:30:03.182601: Status Code: 200
2024-09-19 09:31:02.684713: Task started
2024-09-19 09:31:02.694021: Status Code: 200
2024-09-19 09:32:03.218927: Task started
2024-09-19 09:32:03.236757: Status Code: 200
2024-09-19 09:33:03.018364: Task started
2024-09-19 09:33:03.027639: Status Code: 200
2024-09-19 09:34:02.892572: Task started
2024-09-19 09:34:02.903380: Status Code: 200
2024-09-19 09:35:02.331574: Task started
2024-09-19 09:35:12.034292: Status Code: 200
2024-09-19 09:36:02.939691: Task started
2024-09-19 09:36:03.657401: Status Code: 200
2024-09-19 09:37:03.457312: Task started
2024-09-19 09:37:07.216837: Status Code: 200
2024-09-19 09:38:03.037025: Task started
2024-09-19 09:38:03.054926: Status Code: 200
2024-09-19 09:39:02.591725: Task started
2024-09-19 09:39:02.600087: Status Code: 200
2024-09-19 09:40:03.104518: Task started
2024-09-19 09:40:03.114497: Status Code: 200
2024-09-19 09:41:02.947142: Task started
2024-09-19 09:41:02.956250: Status Code: 200
2024-09-19 09:42:02.561234: Task started
2024-09-19 09:42:02.572516: Status Code: 200
2024-09-19 09:43:03.188141: Task started
2024-09-19 09:43:03.197750: Status Code: 200
2024-09-19 09:44:02.923372: Task started
2024-09-19 09:44:02.939877: Status Code: 200
2024-09-19 09:45:02.912350: Task started
2024-09-19 09:45:02.920992: Status Code: 200
2024-09-19 09:46:02.262250: Task started
2024-09-19 09:46:02.273847: Status Code: 200
2024-09-19 09:47:03.207639: Task started
2024-09-19 09:47:03.216988: Status Code: 200
2024-09-19 09:48:03.473645: Task started
2024-09-19 09:48:03.489527: Status Code: 200
2024-09-19 09:49:03.178056: Task started
2024-09-19 09:49:03.187076: Status Code: 200
2024-09-19 09:50:03.446912: Task started
2024-09-19 09:50:03.462673: Status Code: 200
2024-09-19 09:51:03.715651: Task started
2024-09-19 09:51:03.723774: Status Code: 200
2024-09-19 09:52:03.153886: Task started
2024-09-19 09:52:03.164481: Status Code: 200
2024-09-19 09:53:02.644757: Task started
2024-09-19 09:53:02.654979: Status Code: 200
2024-09-19 09:54:03.154045: Task started
2024-09-19 09:54:03.167391: Status Code: 200
2024-09-19 09:55:03.466506: Task started
2024-09-19 09:55:04.244555: Status Code: 200
2024-09-19 09:56:02.980792: Task started
2024-09-19 09:56:02.992046: Status Code: 200
2024-09-19 09:57:03.159639: Task started
2024-09-19 09:57:03.186631: Status Code: 200
2024-09-19 09:58:03.397993: Task started
2024-09-19 09:58:04.246312: Status Code: 200
2024-09-19 09:59:03.514739: Task started
2024-09-19 09:59:04.102925: Status Code: 200
2024-09-19 10:00:03.167978: Task started
2024-09-19 10:00:03.190672: Status Code: 200
2024-09-19 10:01:03.381824: Task started
2024-09-19 10:01:03.397727: Status Code: 200
2024-09-19 10:02:03.831099: Task started
2024-09-19 10:02:03.847636: Status Code: 200
2024-09-19 10:03:03.075672: Task started
2024-09-19 10:03:03.090238: Status Code: 200
2024-09-19 10:04:02.641192: Task started
2024-09-19 10:04:02.650226: Status Code: 200
2024-09-19 10:05:03.522484: Task started
2024-09-19 10:05:03.698700: Status Code: 200
2024-09-19 10:06:03.112204: Task started
2024-09-19 10:06:03.212128: Status Code: 200
2024-09-19 10:07:02.988478: Task started
2024-09-19 10:07:02.997819: Status Code: 200
2024-09-19 10:08:02.872069: Task started
2024-09-19 10:08:02.881218: Status Code: 200
2024-09-19 10:09:03.186877: Task started
2024-09-19 10:09:03.195165: Status Code: 200
2024-09-19 10:10:02.691351: Task started
2024-09-19 10:10:02.700072: Status Code: 200
2024-09-19 10:11:03.726667: Task started
2024-09-19 10:11:03.735422: Status Code: 200
2024-09-19 10:12:03.909824: Task started
2024-09-19 10:12:03.926633: Status Code: 200
2024-09-19 10:13:02.597220: Task started
2024-09-19 10:13:02.621271: Status Code: 200
2024-09-19 10:14:03.445956: Task started
2024-09-19 10:14:03.455066: Status Code: 200
2024-09-19 10:15:03.658750: Task started
2024-09-19 10:15:03.677180: Status Code: 200
2024-09-19 10:16:02.225358: Task started
2024-09-19 10:16:02.234332: Status Code: 200
2024-09-19 10:17:03.277334: Task started
2024-09-19 10:17:03.294028: Status Code: 200
2024-09-19 10:18:03.182733: Task started
2024-09-19 10:18:03.200485: Status Code: 200
2024-09-19 10:19:03.425081: Task started
2024-09-19 10:19:03.440224: Status Code: 200
2024-09-19 10:20:03.390675: Task started
2024-09-19 10:20:05.614208: Status Code: 200
2024-09-19 10:21:03.190081: Task started
2024-09-19 10:21:03.916849: Status Code: 200
2024-09-19 10:22:02.768687: Task started
2024-09-19 10:22:03.348163: Status Code: 200
2024-09-19 10:23:02.668376: Task started
2024-09-19 10:23:02.768224: Status Code: 200
2024-09-19 10:24:03.958983: Task started
2024-09-19 10:24:03.976073: Status Code: 200
2024-09-19 10:25:02.608371: Task started
2024-09-19 10:25:03.296643: Status Code: 200
2024-09-19 10:26:03.343584: Task started
2024-09-19 10:26:03.367212: Status Code: 200
2024-09-19 10:27:03.561653: Task started
2024-09-19 10:27:03.583973: Status Code: 200
2024-09-19 10:28:02.636365: Task started
2024-09-19 10:28:05.234246: Status Code: 200
2024-09-19 10:29:03.316410: Task started
2024-09-19 10:29:03.614671: Status Code: 200
2024-09-19 10:30:03.492083: Task started
2024-09-19 10:30:03.501154: Status Code: 200
2024-09-19 10:31:03.282966: Task started
2024-09-19 10:31:03.319577: Status Code: 200
2024-09-19 10:32:03.652478: Task started
2024-09-19 10:32:03.665479: Status Code: 200
2024-09-19 10:33:03.146481: Task started
2024-09-19 10:33:03.155979: Status Code: 200
2024-09-19 10:34:02.965215: Task started
2024-09-19 10:34:02.974304: Status Code: 200
2024-09-19 10:35:02.867962: Task started
2024-09-19 10:35:02.878312: Status Code: 200
2024-09-19 10:36:02.039384: Task started
2024-09-19 10:36:02.047720: Status Code: 200
2024-09-19 10:37:03.226061: Task started
2024-09-19 10:37:03.233814: Status Code: 200
2024-09-19 10:38:02.662875: Task started
2024-09-19 10:38:02.673003: Status Code: 200
2024-09-19 10:39:03.728369: Task started
2024-09-19 10:39:03.737010: Status Code: 200
2024-09-19 10:40:03.148382: Task started
2024-09-19 10:40:03.157084: Status Code: 200
2024-09-19 10:41:02.578738: Task started
2024-09-19 10:41:02.586851: Status Code: 200
2024-09-19 10:42:03.742497: Task started
2024-09-19 10:42:03.795321: Status Code: 200
2024-09-19 10:43:02.867728: Task started
2024-09-19 10:43:04.529149: Status Code: 200
2024-09-19 10:44:03.100461: Task started
2024-09-19 10:44:03.160016: Status Code: 200
2024-09-19 10:45:02.978228: Task started
2024-09-19 10:45:03.066190: Status Code: 200
2024-09-19 10:46:02.686879: Task started
2024-09-19 10:46:02.781019: Status Code: 200
2024-09-19 10:47:03.188884: Task started
2024-09-19 10:47:03.768558: Status Code: 200
2024-09-19 10:48:02.764209: Task started
2024-09-19 10:48:02.775137: Status Code: 200
2024-09-19 10:49:03.781328: Task started
2024-09-19 10:49:04.070968: Status Code: 200
2024-09-19 10:50:02.729692: Task started
2024-09-19 10:50:03.885245: Status Code: 200
2024-09-19 10:51:02.542472: Task started
2024-09-19 10:51:03.641875: Status Code: 200
2024-09-19 10:52:03.211158: Task started
2024-09-19 10:52:03.270311: Status Code: 200
2024-09-19 10:53:03.597748: Task started
2024-09-19 10:53:08.691927: Status Code: 200
2024-09-19 10:54:02.514125: Task started
2024-09-19 10:54:02.607473: Status Code: 200
2024-09-19 10:55:03.656640: Task started
2024-09-19 10:55:03.667686: Status Code: 200
2024-09-19 10:56:03.886866: Task started
2024-09-19 10:56:03.901833: Status Code: 200
2024-09-19 10:57:02.375252: Task started
2024-09-19 10:57:02.389682: Status Code: 200
2024-09-19 10:58:02.531682: Task started
2024-09-19 10:58:02.540399: Status Code: 200
2024-09-19 10:59:03.409449: Task started
2024-09-19 10:59:03.418498: Status Code: 200
2024-09-19 11:00:03.342498: Task started
2024-09-19 11:00:03.351607: Status Code: 200
2024-09-19 11:01:03.320447: Task started
2024-09-19 11:01:03.329314: Status Code: 200
2024-09-19 11:02:02.692348: Task started
2024-09-19 11:02:02.700749: Status Code: 200
2024-09-19 11:03:03.699022: Task started
2024-09-19 11:03:03.706756: Status Code: 200
2024-09-19 11:04:02.706028: Task started
2024-09-19 11:04:02.714971: Status Code: 200
2024-09-19 11:05:04.021449: Task started
2024-09-19 11:05:06.041423: Status Code: 200
2024-09-19 11:06:03.084316: Task started
2024-09-19 11:06:03.622199: Status Code: 200
2024-09-19 11:07:03.460246: Task started
2024-09-19 11:07:03.564043: Status Code: 200
2024-09-19 11:08:03.188286: Task started
2024-09-19 11:08:03.528473: Status Code: 200
2024-09-19 11:09:03.277621: Task started
2024-09-19 11:09:14.206912: Status Code: 200
2024-09-19 11:10:03.454986: Task started
2024-09-19 11:10:03.901883: Status Code: 200
2024-09-19 11:11:02.551528: Task started
2024-09-19 11:11:03.172636: Status Code: 200
2024-09-19 11:12:02.701826: Task started
2024-09-19 11:12:03.403742: Status Code: 200
2024-09-19 11:15:02.815093: Task started
2024-09-19 11:15:04.111424: Status Code: 200
2024-09-19 11:16:02.697317: Task started
 10.117.251.662024-09-19 11:16:02.729205: Status Code: 200
2024-09-19 11:17:03.892020: Task started
 10.117.251.662024-09-19 11:17:03.975735: Status Code: 200
2024-09-19 11:18:02.073759: Task started
 10.117.251.662024-09-19 11:18:02.733668: Status Code: 200
2024-09-19 11:18:53.153795: Task started
 10.117.251.662024-09-19 11:18:53.268680: Status Code: 200
2024-09-19 11:19:02.831810: Task started
 10.117.251.662024-09-19 11:19:02.846137: Status Code: 200
2024-09-19 11:19:18.175309: Task started 10.117.251.662024-09-19 11:19:18.185699: Status Code: 200
2024-09-19 11:19:38.363315: Task started 10.117.251.66
2024-09-19 11:19:39.260851: Status Code: 200
2024-09-19 11:20:03.505542: Task started 10.117.251.66
2024-09-19 11:20:05.774930: Status Code: 200
2024-09-19 11:21:03.452735: Task started 10.117.251.66
2024-09-19 11:21:03.461962: Status Code: 200
2024-09-19 11:23:41.562165: Task started 10.117.251.66
2024-09-19 11:23:41.580896: Status Code: 200
2024-09-19 11:25:54.718724: Task started 10.117.251.66
2024-09-19 11:25:54.734648: Status Code: 200
2024-09-19 11:30:03.719568: Task started 10.117.251.66
2024-09-19 11:30:08.361176: Status Code: 200
